Case #1: OFWB ZYCXRMUFAL JLV
Case #2: L  EBYWJXQ MFEZUTNSZ
Case #3: IYOJINPWX LM UBGDIZ
Case #4: SE WHFJMLZCRBBV Y
Case #5: LXFLYMGOIYBJLTMYEWAD
Case #6: LQEFNLHGYPPLXV XSUWZ
Case #7: OXTUSKNBQAJYCPBO HZW
Case #8: LMSJDYAGCCTTRCUEWDS
Case #9: HS PIQW QJFGMAUXTQ
Case #10: GCFLJCTLAB VYH UMR
Case #11: LWUNNKNYPIUZTUACIWED
Case #12: MSUKDZHGCWIVWTXVS
Case #13: HPBAVQ CZSSGXL DYJLU
Case #14: EV PXGOJ LSOJZWKAWIV
Case #15: C USFX THDHWIP KULEY
Case #16: KCLXDHBOBERNIYQYTP U
Case #17: YFGLTPUIXTRWQOICQEA
Case #18: XTEYMFKP NUNDZR BIEA
Case #19: AXVOCLCYU WNKVB EPIB
Case #20: VMIJHVOWRALX  ZDMUMQ
Case #21: KTLTUCOJQTZVHBPXG ST
Case #22: DJSX UH WC PNYEGC AM
Case #23: AUQARZOZFLSRGDZBCX
Case #24: KILFUCYVIKBPQEISDON
Case #25: HCEQX B A CMGNTYPO
Case #26: MZRSXJSMCFAKOE OWOGV
Case #27: DMG BLXUPEKLJNV AWX
Case #28: CEW  JHZQLRAORFIE SU
Case #29: PAJ QIUTCAVGBNPKZY
Case #30: IRDP TMXJSLUI BFNRZO
Case #31: JFPORKAJRVGEIQLMQT
Case #32: DM HXCSFQWLAZOTCOMOB
Case #33: UHLJHZXMPW N AOAEGTZ
Case #34: DVQBCEFNHUSMJ KHYV
Case #35: FFJKOORCW VEMCXP QFI
Case #36: LOQUAIQITFIGYGVEEJBW
Case #37: CYXHFHAP KLQNPOEUS
Case #38: VAXWK LHFMQXTMZNP
Case #39: RYT YVNSWEHJZOZXU
Case #40: GUONJTVJFGVYQAKCXGWC
Case #41: HTYDCQYS JLKXW DNKUZ
Case #42: U LRBSEKUGJPDH YPIFS
Case #43: FPUGJMVD A OCWIX  KZ
Case #44: OBNUDAYFGLMZXEI
Case #45: A AB C
Case #46: HQSNFKEQAJB QXXMLKW
Case #47: MFNTEATCZNQHIRFPLN P
Case #48: H OPEAZSQNVNGFLY MX
Case #49: SWTDIMABPCNQGVAHAFN
Case #50: BUVRDBTEWMOL YPPTQ
Case #51: KLYNJFDAHMQVRLCNUHI
Case #52: ZNAFSOE IQG TXBVP
Case #53: POXCNOKLHQTIYZNVRF
Case #54: DNTIERSZNODVOPUNSAL
Case #55: HJSNTUDJ GAJ EMPOWIK
Case #56: MZXCBDKXPWHSLLRXITV
Case #57: OQEFADDHZILYTHWPTULL
Case #58: LKRTFJQMDUGVVLXIEWWA
Case #59: BORSBKUUEKDTRLJVQPDG
Case #60: XVNAJPN LKHZDVIGRPM
Case #61: CEUOWCCR NREODHKFVTS
Case #62: RZXMVAVGI NXQCJBTOF
Case #63: L JGWXB OPHSZUI NFLM
Case #64: MQBBSFIWGCL EONDG
Case #65: OTQMFRASUBDIIWDFE X
Case #66: JAHHPJVXYEWOZXSQINJ
Case #67: HDGUWRPCCXYZOL AAIM
Case #68: NWDAJGTUKOSKNAQP MXU
Case #69: BJW VGOZYMXA AVFSQ
Case #70: FUKNEKCOGIFOPYQNWJNH
Case #71: TEQRQIFHDSKMKXKZPQWW
Case #72: MWEIJOCZVOJNDRSYJ XE
Case #73: JOHNSON
Case #74: YLMNHPDXKJTOZL QEGQ
Case #75: DMPC UYQZLKXLKLEOVGB
Case #76: HL KYBQRCXPHUANPBVGR
Case #77: CEOM HLVFDWMRDDMNGK
Case #78: KOLEKGQC FVSFHNUCYL
Case #79: SAJKOUWHURTFQ NEPG
Case #80: REJXFDKMCRFTSU BZQKJ
Case #81: KFJB OZYC VSW EH
Case #82: VITUEWQEMMLTS MOGNAD
Case #83: STBX OSFIQMEHKGLJ
Case #84: FYDCYESI QRZMJWYBVFO
Case #85: EQWUWAMDVHPIRCEB
Case #86: HSPPOBHHRGKCNTX QUAW
Case #87: L ZLD KFBVKTXGWSSIEA
Case #88: WETZYUJMZPSNGVTDIC
Case #89: YHFCKJ WYRBRUTWEPQL
Case #90: JP YMFPUQWKGOZIDCLWF
Case #91: INPDAHWCCWOSXTV MDQQ
Case #92: ATOXYDHJKC RMSAEK
Case #93: KDVZLMFCSUXGDGVMTIA
Case #94: Y WKBEJKFAVUOXSHDLQI
Case #95: YCGKMEEBWPFVLKOAIN
Case #96: TLXRV CACSMBODZKOPH
Case #97: JXIZMDAYPZRONWFKZ
Case #98: PRYDKUESLUEWZKJ CVXU
Case #99: KLSYUTIDCJ VMSPKXWA
Case #100: AFTPZGNYJKTWBRHGLWGS
