Case #1: FADTCCGVZNOSMVKELPZ
Case #2: MQXGVNSLBMPQSYAPUZOD
Case #3: FYPHDMKGDRQOSPOJWX
Case #4: BXLSYCDLJHDWRJHFLMZO
Case #5: DAPWECBJTLYFFNIXXCRC
Case #6: FDVVQLPUBOSDHXOTMJJ
Case #7: RVZCXLCAFFBKSPJRWGIP
Case #8: CKZPRGYMEFBPQXWLKT
Case #9: LSTPBDBNUCXAYSHIWJPQ
Case #10: PYUXHJLYMKTUOEWIIAQ
Case #11: OUJCVFMZKUMPTQIHYVD
Case #12: JOHNSON
Case #13: IGPNSEUARHYBKZXTMFEC
Case #14: RITHXVGBPNILMZAIMSXB
Case #15: ZMXQCRULZANQBVHYKE
Case #16: ROIGMWHXLTVOGCNKQEUG
Case #17: LXUCZTZMHKRUPKDNMEY
Case #18: LLTBFKMDWISHZVA
Case #19: MOJEUHLIKAGNNCUXVUH
Case #20: SMZRFDZEYRANOVHYDNTK
Case #21: KXPSRFLBQQFEMVPZAWFJ
Case #22: UMLFVLCHSTGWOIMXENZR
Case #23: SGDUKZCRGHNPQXAZCOTV
Case #24: BMRJNZUISFOLHNXGHPTB
Case #25: XOVSBPLAFREUCKQRRYI
Case #26: PLYBJKAIMPHNVDROJFET
Case #27: UOTXFJZVGNOQHUBEBR
Case #28: TCMEORXHKFVYBJGIW
Case #29: WMEHKVWGFKVSBDANQVTC
Case #30: AIIGHQTNCPDVBYSMDPR
Case #31: EHVKTGBZTNHPISRXAI
Case #32: QWDNOBCRZFKVYTDJ
Case #33: PJSAULXGHAFMBVVRCYD
Case #34: TKAQPDVYDMNJWLHCUGXS
Case #35: XDLTAHVARQWINFGDFKMY
Case #36: BOWZMTQISTLUKJQDRNE
Case #37: MEUKYRDFQTHVXKIAZYO
Case #38: CUFPKESVMLJDJBTQXAL
Case #39: BSAVMRDPIJOUHZTVGX
Case #40: WUEXGZFNRYJMPAXTKXD
Case #41: KFMHPNIDUFXMQVCEUJ
Case #42: LQPTAJWFHNYYFZUSFKY
Case #43: LDKNORTHFSVWUUXHMGQ
Case #44: CADBUJFRPBTSWXNYVY
Case #45: DCKGLHGWMLXNPCYBRJRG
Case #46: UVPHJRGAZFPZNCWXYLG
Case #47: XLFFJRGENBAZNMUWHCO
Case #48: SCYNOJZXFTCLDWWKYPV
Case #49: GNWOHYMIQUKVEDVUSP
Case #50: HJAZBRNXYCEWTCIVAMET
Case #51: BESKFPCRWYPJNDSXWHY
Case #52: FXKWYJEDOBSNBBMRNB
Case #53: BPZRAQYVJMMHZGCQWNWT
Case #54: BZOGMYBUMWEVSORXDAP
Case #55: GDEBOHFYPMIZSCGR
Case #56: MVHHQUJYIKENFWPVHGWL
Case #57: EWFMSNKKJHIBYVVONPCP
Case #58: TJBXAZWKMPAOSSHLZQLK
Case #59: HTQRUWDUUBXMDJKHZACL
Case #60: OWXNMBYDCSIVGFGZBOH
Case #61: TZCTTSQWYZHYDBUMIRNR
Case #62: GZIJLPTODFAZMECWEBX
Case #63: IZDTYLDIAQHSPXGVKWO
Case #64: JCYGBDQDKQAEIZUWNMWD
Case #65: DBXYMLPJKSHSQNRLBFD
Case #66: IRFLKQJYWAMOCTUXMG
Case #67: MCHJITGFSCSZYPADVNU
Case #68: ZJACQBITNSPDERUOLMK
Case #69: LBOUCPAXIEVBQSMBKTQP
Case #70: JTRKVLPSBSMZANZVOG
Case #71: UZJTZENHOMAKQLGFUHBC
Case #72: DLNUGLHYSVHKZIGTERCG
Case #73: BVYEHCZDVAAJESKXRURF
Case #74: QJCUFSMZFWULONYETXI
Case #75: AKROZMNPNQANUXGWEZY
Case #76: ECJUBPHLSGXKVFME
Case #77: LOASWOVCBFYGMJIKGJDH
Case #78: ZNJMRWSOEFFFZDKALKB
Case #79: EPLZOQIGXOHSFUVUVJSW
Case #80: EHRFBWYSZHJQFJOTBLXL
Case #81: YGWURXQVKFICPADQERK
Case #82: OQDEGOQWUTKICPNDVMWB
Case #83: AHOSYWBKIGJXHVEQTWHJ
Case #84: PJDSZVNGLURQCKDX
Case #85: EHPRQYCUFKUUDEQKTLMW
Case #86: RXHDATRWMZYRILGFHSE
Case #87: IYGDLEZTLVVQWMKFXWPL
Case #88: MYZSJANNGFHVRUTXCEC
Case #89: SGXKJONROLFOWZUDBEC
Case #90: KMVCDEENGRIABPFQUFM
Case #91: HPYMVVEDIKGXRJBOXLSQ
Case #92: PRXUNNKUBFIMAHMTYGL
Case #93: MWIWPDLCWFAPTRVUKZB
Case #94: UIWGXHKGWDVOBHTQGLMZ
Case #95: QAZVEBYRJCGKTSWFQTRJ
Case #96: NKWKBXYJCDSKTGIHXOI
Case #97: FUUBNATMZGWHWOMUXREP
Case #98: AZTOJCIGPLWHVGCBRHZR
Case #99: IAXERLCMAYWURRKXTDCV
Case #100: LFKROFZSPXABGZNVEBI
